0 silly argv {
0 silly argv   _: [ 'create' ],
0 silly argv   lernaVersion: '4.0.0',
0 silly argv   '$0': '../../../../../.nvm/versions/node/v14.17.4/pnpm-global/5/node_modules/lerna/cli.js',
0 silly argv   name: 'sten-thems'
0 silly argv }
1 notice cli v4.0.0
2 verbose rootPath /Users/shenjiaqi/Desktop/Home/learning/web-components-learn/sten-design
3 info versioning independent
4 warn ENOREMOTE No git remote found, skipping repository property
5 error Error: canceled
5 error     at Interface.<anonymous> (/Users/shenjiaqi/.nvm/versions/node/v14.17.4/pnpm-global/5/node_modules/.pnpm/read@1.0.7/node_modules/read/lib/read.js:66:13)
5 error     at Interface.emit (events.js:400:28)
5 error     at Interface._ttyWrite (readline.js:910:16)
5 error     at ReadStream.onkeypress (readline.js:235:10)
5 error     at ReadStream.emit (events.js:400:28)
5 error     at emitKeys (internal/readline/utils.js:358:14)
5 error     at emitKeys.next (<anonymous>)
5 error     at ReadStream.onData (readline.js:1179:36)
5 error     at ReadStream.emit (events.js:400:28)
